\BOOKMARK [1][]{section*.1}{\376\377\000W\000O\000R\000K\000\040\000E\000X\000P\000E\000R\000I\000E\000N\000C\000E}{}% 1
\BOOKMARK [1][]{section*.2}{\376\377\000E\000D\000U\000C\000A\000T\000I\000O\000N}{}% 2
\BOOKMARK [1][]{section*.3}{\376\377\000S\000C\000H\000O\000L\000A\000R\000S\000H\000I\000P\000S}{}% 3
\BOOKMARK [1][]{section*.4}{\376\377\000S\000O\000F\000T\000W\000A\000R\000E}{}% 4
\BOOKMARK [1][]{section*.5}{\376\377\000P\000U\000B\000L\000I\000C\000A\000T\000I\000O\000N\000S}{}% 5
\BOOKMARK [2][]{section*.6}{\376\377\000J\000o\000u\000r\000n\000a\000l\000\040\000a\000r\000t\000i\000c\000l\000e\000s}{section*.5}% 6
\BOOKMARK [2][]{section*.7}{\376\377\000B\000o\000o\000k\000\040\000c\000h\000a\000p\000t\000e\000r\000s}{section*.5}% 7
\BOOKMARK [2][]{section*.8}{\376\377\000C\000o\000n\000f\000e\000r\000e\000n\000c\000e\000\040\000p\000r\000o\000c\000e\000e\000d\000i\000n\000g\000s}{section*.5}% 8
\BOOKMARK [2][]{section*.9}{\376\377\000C\000o\000n\000f\000e\000r\000e\000n\000c\000e\000\040\000a\000b\000s\000t\000r\000a\000c\000t\000s}{section*.5}% 9
\BOOKMARK [2][]{section*.10}{\376\377\000T\000e\000c\000h\000n\000i\000c\000a\000l\000\040\000r\000e\000p\000o\000r\000t\000s}{section*.5}% 10
\BOOKMARK [1][]{section*.11}{\376\377\000T\000A\000L\000K\000S}{}% 11
\BOOKMARK [2][]{section*.12}{\376\377\000I\000n\000v\000i\000t\000e\000d\000\040\000l\000e\000c\000t\000u\000r\000e\000s}{section*.11}% 12
\BOOKMARK [2][]{section*.13}{\376\377\000S\000o\000f\000t\000w\000a\000r\000e\000\040\000d\000e\000m\000o\000n\000s\000t\000r\000a\000t\000i\000o\000n\000s}{section*.11}% 13
\BOOKMARK [2][]{section*.14}{\376\377\000C\000o\000n\000f\000e\000r\000e\000n\000c\000e\000\040\000p\000r\000e\000s\000e\000n\000t\000a\000t\000i\000o\000n\000s}{section*.11}% 14
\BOOKMARK [2][]{section*.15}{\376\377\000S\000e\000m\000i\000n\000a\000r\000s}{section*.11}% 15
\BOOKMARK [2][]{section*.16}{\376\377\000S\000u\000m\000m\000e\000r\000\040\000s\000c\000h\000o\000o\000l\000s\000\040\000\046\000\040\000w\000o\000r\000k\000s\000h\000o\000p\000s}{section*.11}% 16
\BOOKMARK [1][]{section*.17}{\376\377\000T\000E\000A\000C\000H\000I\000N\000G}{}% 17
\BOOKMARK [1][]{section*.18}{\376\377\000S\000C\000I\000E\000N\000T\000I\000F\000I\000C\000\040\000D\000I\000S\000S\000E\000M\000I\000N\000A\000T\000I\000O\000N}{}% 18
\BOOKMARK [2][]{section*.19}{\376\377\000B\000l\000o\000g\000\040\000p\000o\000s\000t\000s}{section*.18}% 19
\BOOKMARK [2][]{section*.20}{\376\377\000H\000a\000c\000k\000a\000t\000h\000o\000n\000s}{section*.18}% 20
\BOOKMARK [2][]{section*.21}{\376\377\000W\000i\000k\000i\000s}{section*.18}% 21
\BOOKMARK [1][]{section*.22}{\376\377\000L\000A\000N\000G\000U\000A\000G\000E\000S}{}% 22
\BOOKMARK [1][]{section*.23}{\376\377\000O\000T\000H\000E\000R\000\040\000I\000N\000T\000E\000R\000E\000S\000T\000S}{}% 23
